<?xml version="1.0" encoding="UTF-8"?>
<!-- Generated by org.testng.reporters.JUnitXMLReporter -->
<testsuite hostname="DESKTOP-0P35L7C" ignored="0" name="Default test" tests="7" failures="0" timestamp="2019-11-13T09:20:54 IST" time="195.138" errors="0">
  <testcase name="createvendor" time="42.731" classname="com.vtiger.test.CreateVendor"/>
  <testcase name="quickcreatevendor" time="20.313" classname="com.vtiger.test.CreateVendor"/>
  <testcase name="vcatSearch" time="16.923" classname="com.vtiger.test.CreateVendor"/>
  <testcase name="vemailSearch" time="16.857" classname="com.vtiger.test.CreateVendor"/>
  <testcase name="vnameSearch" time="16.765" classname="com.vtiger.test.CreateVendor"/>
  <testcase name="vnoSearch" time="16.425" classname="com.vtiger.test.CreateVendor"/>
  <testcase name="vphnSearch" time="19.291" classname="com.vtiger.test.CreateVendor"/>
</testsuite> <!-- Default test -->
